2022-04-20 10:18:18,460 WARN  [org.keycloak.events] (default task-4) type=LOGIN_ERROR, realmId=master, clientId=null, userId=null, ipAddress=127.0.0.1, error=expired_code, restart_after_timeout=true, authSessionParentId=950eef9c-f7c7-4639-a258-feda17d199c3, authSessionTabId=mQ9GOndP-U0
2022-04-20 11:04:52,023 WARN  [org.keycloak.events] (default task-2) type=REFRESH_TOKEN_ERROR, realmId=master, clientId=security-admin-console, userId=null, ipAddress=127.0.0.1, error=invalid_token, grant_type=refresh_token, client_auth_method=client-secret
2022-04-20 11:06:11,381 WARN  [com.keycloak.sms.keycloaksmsauthenticator.gateway.SmsServiceFactory] (default task-6) ***** SIMULATION MODE ***** Would send SMS to +21213488905 with text: Your SMS code is rEAeOl and is valid for 5 minutes.
2022-04-20 11:46:41,296 WARN  [org.keycloak.services] (default task-16) KC-SERVICES0013: Failed authentication: java.lang.NullPointerException: Cannot invoke "org.keycloak.models.AuthenticatorConfigModel.getConfig()" because "authConfig" is null
	at deployment.duospikeycloakbcp-jar-with-dependencies.jar//com.keycloak.duospi.authenticator.DuoAuthenticator.authenticate(DuoAuthenticator.java:105)
	at org.keycloak.keycloak-services@15.0.2//org.keycloak.authentication.DefaultAuthenticationFlow.processSingleFlowExecutionModel(DefaultAuthenticationFlow.java:446)
	at org.keycloak.keycloak-services@15.0.2//org.keycloak.authentication.DefaultAuthenticationFlow.processFlow(DefaultAuthenticationFlow.java:253)
	at org.keycloak.keycloak-services@15.0.2//org.keycloak.authentication.DefaultAuthenticationFlow.processSingleFlowExecutionModel(DefaultAuthenticationFlow.java:389)
	at org.keycloak.keycloak-services@15.0.2//org.keycloak.authentication.DefaultAuthenticationFlow.continueAuthenticationAfterSuccessfulAction(DefaultAuthenticationFlow.java:186)
	at org.keycloak.keycloak-services@15.0.2//org.keycloak.authentication.DefaultAuthenticationFlow.processAction(DefaultAuthenticationFlow.java:164)
	at org.keycloak.keycloak-services@15.0.2//org.keycloak.authentication.AuthenticationProcessor.authenticationAction(AuthenticationProcessor.java:950)
	at org.keycloak.keycloak-services@15.0.2//org.keycloak.services.resources.LoginActionsService.processFlow(LoginActionsService.java:312)
	at org.keycloak.keycloak-services@15.0.2//org.keycloak.services.resources.LoginActionsService.processAuthentication(LoginActionsService.java:283)
	at org.keycloak.keycloak-services@15.0.2//org.keycloak.services.resources.LoginActionsService.authenticate(LoginActionsService.java:267)
	at org.keycloak.keycloak-services@15.0.2//org.keycloak.services.resources.LoginActionsService.authenticateForm(LoginActionsService.java:340)
	at jdk.internal.reflect.GeneratedMethodAccessor887.invoke(Unknown Source)
	at java.base/jdk.internal.reflect.DelegatingMethodAccessorImpl.invoke(DelegatingMethodAccessorImpl.java:43)
	at java.base/java.lang.reflect.Method.invoke(Method.java:568)
	at org.jboss.resteasy.resteasy-jaxrs@3.15.1.Final//org.jboss.resteasy.core.MethodInjectorImpl.invoke(MethodInjectorImpl.java:138)
	at org.jboss.resteasy.resteasy-jaxrs@3.15.1.Final//org.jboss.resteasy.core.ResourceMethodInvoker.internalInvokeOnTarget(ResourceMethodInvoker.java:546)
	at org.jboss.resteasy.resteasy-jaxrs@3.15.1.Final//org.jboss.resteasy.core.ResourceMethodInvoker.invokeOnTargetAfterFilter(ResourceMethodInvoker.java:435)
	at org.jboss.resteasy.resteasy-jaxrs@3.15.1.Final//org.jboss.resteasy.core.ResourceMethodInvoker.lambda$invokeOnTarget$0(ResourceMethodInvoker.java:396)
	at org.jboss.resteasy.resteasy-jaxrs@3.15.1.Final//org.jboss.resteasy.core.interception.PreMatchContainerRequestContext.filter(PreMatchContainerRequestContext.java:358)
	at org.jboss.resteasy.resteasy-jaxrs@3.15.1.Final//org.jboss.resteasy.core.ResourceMethodInvoker.invokeOnTarget(ResourceMethodInvoker.java:398)
	at org.jboss.resteasy.resteasy-jaxrs@3.15.1.Final//org.jboss.resteasy.core.ResourceMethodInvoker.invoke(ResourceMethodInvoker.java:365)
	at org.jboss.resteasy.resteasy-jaxrs@3.15.1.Final//org.jboss.resteasy.core.ResourceLocatorInvoker.invokeOnTargetObject(ResourceLocatorInvoker.java:150)
	at org.jboss.resteasy.resteasy-jaxrs@3.15.1.Final//org.jboss.resteasy.core.ResourceLocatorInvoker.invoke(ResourceLocatorInvoker.java:104)
	at org.jboss.resteasy.resteasy-jaxrs@3.15.1.Final//org.jboss.resteasy.core.SynchronousDispatcher.invoke(SynchronousDispatcher.java:440)
	at org.jboss.resteasy.resteasy-jaxrs@3.15.1.Final//org.jboss.resteasy.core.SynchronousDispatcher.lambda$invoke$4(SynchronousDispatcher.java:229)
	at org.jboss.resteasy.resteasy-jaxrs@3.15.1.Final//org.jboss.resteasy.core.SynchronousDispatcher.lambda$preprocess$0(SynchronousDispatcher.java:135)
	at org.jboss.resteasy.resteasy-jaxrs@3.15.1.Final//org.jboss.resteasy.core.interception.PreMatchContainerRequestContext.filter(PreMatchContainerRequestContext.java:358)
	at org.jboss.resteasy.resteasy-jaxrs@3.15.1.Final//org.jboss.resteasy.core.SynchronousDispatcher.preprocess(SynchronousDispatcher.java:138)
	at org.jboss.resteasy.resteasy-jaxrs@3.15.1.Final//org.jboss.resteasy.core.SynchronousDispatcher.invoke(SynchronousDispatcher.java:215)
	at org.jboss.resteasy.resteasy-jaxrs@3.15.1.Final//org.jboss.resteasy.plugins.server.servlet.ServletContainerDispatcher.service(ServletContainerDispatcher.java:245)
	at org.jboss.resteasy.resteasy-jaxrs@3.15.1.Final//org.jboss.resteasy.plugins.server.servlet.HttpServletDispatcher.service(HttpServletDispatcher.java:61)
	at org.jboss.resteasy.resteasy-jaxrs@3.15.1.Final//org.jboss.resteasy.plugins.server.servlet.HttpServletDispatcher.service(HttpServletDispatcher.java:56)
	at javax.servlet.api@2.0.0.Final//javax.servlet.http.HttpServlet.service(HttpServlet.java:590)
	at io.undertow.servlet@2.2.5.Final//io.undertow.servlet.handlers.ServletHandler.handleRequest(ServletHandler.java:74)
	at io.undertow.servlet@2.2.5.Final//io.undertow.servlet.handlers.FilterHandler$FilterChainImpl.doFilter(FilterHandler.java:129)
	at org.keycloak.keycloak-wildfly-extensions@15.0.2//org.keycloak.provider.wildfly.WildFlyRequestFilter.lambda$doFilter$0(WildFlyRequestFilter.java:41)
	at org.keycloak.keycloak-services@15.0.2//org.keycloak.services.filters.AbstractRequestFilter.filter(AbstractRequestFilter.java:43)
	at org.keycloak.keycloak-wildfly-extensions@15.0.2//org.keycloak.provider.wildfly.WildFlyRequestFilter.doFilter(WildFlyRequestFilter.java:39)
	at io.undertow.servlet@2.2.5.Final//io.undertow.servlet.core.ManagedFilter.doFilter(ManagedFilter.java:61)
	at io.undertow.servlet@2.2.5.Final//io.undertow.servlet.handlers.FilterHandler$FilterChainImpl.doFilter(FilterHandler.java:131)
	at io.undertow.servlet@2.2.5.Final//io.undertow.servlet.handlers.FilterHandler.handleRequest(FilterHandler.java:84)
	at io.undertow.servlet@2.2.5.Final//io.undertow.servlet.handlers.security.ServletSecurityRoleHandler.handleRequest(ServletSecurityRoleHandler.java:62)
	at io.undertow.servlet@2.2.5.Final//io.undertow.servlet.handlers.ServletChain$1.handleRequest(ServletChain.java:68)
	at io.undertow.servlet@2.2.5.Final//io.undertow.servlet.handlers.ServletDispatchingHandler.handleRequest(ServletDispatchingHandler.java:36)
	at org.wildfly.extension.undertow@23.0.2.Final//org.wildfly.extension.undertow.security.SecurityContextAssociationHandler.handleRequest(SecurityContextAssociationHandler.java:78)
	at io.undertow.core@2.2.5.Final//io.undertow.server.handlers.PredicateHandler.handleRequest(PredicateHandler.java:43)
	at io.undertow.servlet@2.2.5.Final//io.undertow.servlet.handlers.RedirectDirHandler.handleRequest(RedirectDirHandler.java:68)
	at io.undertow.servlet@2.2.5.Final//io.undertow.servlet.handlers.security.SSLInformationAssociationHandler.handleRequest(SSLInformationAssociationHandler.java:117)
	at io.undertow.servlet@2.2.5.Final//io.undertow.servlet.handlers.security.ServletAuthenticationCallHandler.handleRequest(ServletAuthenticationCallHandler.java:57)
	at io.undertow.core@2.2.5.Final//io.undertow.server.handlers.PredicateHandler.handleRequest(PredicateHandler.java:43)
	at io.undertow.core@2.2.5.Final//io.undertow.security.handlers.AbstractConfidentialityHandler.handleRequest(AbstractConfidentialityHandler.java:46)
	at io.undertow.servlet@2.2.5.Final//io.undertow.servlet.handlers.security.ServletConfidentialityConstraintHandler.handleRequest(ServletConfidentialityConstraintHandler.java:64)
	at io.undertow.core@2.2.5.Final//io.undertow.security.handlers.AuthenticationMechanismsHandler.handleRequest(AuthenticationMechanismsHandler.java:60)
	at io.undertow.servlet@2.2.5.Final//io.undertow.servlet.handlers.security.CachedAuthenticatedSessionHandler.handleRequest(CachedAuthenticatedSessionHandler.java:77)
	at io.undertow.core@2.2.5.Final//io.undertow.security.handlers.NotificationReceiverHandler.handleRequest(NotificationReceiverHandler.java:50)
	at io.undertow.core@2.2.5.Final//io.undertow.security.handlers.AbstractSecurityContextAssociationHandler.handleRequest(AbstractSecurityContextAssociationHandler.java:43)
	at io.undertow.core@2.2.5.Final//io.undertow.server.handlers.PredicateHandler.handleRequest(PredicateHandler.java:43)
	at org.wildfly.extension.undertow@23.0.2.Final//org.wildfly.extension.undertow.security.jacc.JACCContextIdHandler.handleRequest(JACCContextIdHandler.java:61)
	at io.undertow.core@2.2.5.Final//io.undertow.server.handlers.PredicateHandler.handleRequest(PredicateHandler.java:43)
	at org.wildfly.extension.undertow@23.0.2.Final//org.wildfly.extension.undertow.deployment.GlobalRequestControllerHandler.handleRequest(GlobalRequestControllerHandler.java:68)
	at io.undertow.servlet@2.2.5.Final//io.undertow.servlet.handlers.SendErrorPageHandler.handleRequest(SendErrorPageHandler.java:52)
	at io.undertow.core@2.2.5.Final//io.undertow.server.handlers.PredicateHandler.handleRequest(PredicateHandler.java:43)
	at io.undertow.servlet@2.2.5.Final//io.undertow.servlet.handlers.ServletInitialHandler.handleFirstRequest(ServletInitialHandler.java:269)
	at io.undertow.servlet@2.2.5.Final//io.undertow.servlet.handlers.ServletInitialHandler.access$100(ServletInitialHandler.java:78)
	at io.undertow.servlet@2.2.5.Final//io.undertow.servlet.handlers.ServletInitialHandler$2.call(ServletInitialHandler.java:133)
	at io.undertow.servlet@2.2.5.Final//io.undertow.servlet.handlers.ServletInitialHandler$2.call(ServletInitialHandler.java:130)
	at io.undertow.servlet@2.2.5.Final//io.undertow.servlet.core.ServletRequestContextThreadSetupAction$1.call(ServletRequestContextThreadSetupAction.java:48)
	at io.undertow.servlet@2.2.5.Final//io.undertow.servlet.core.ContextClassLoaderSetupAction$1.call(ContextClassLoaderSetupAction.java:43)
	at org.wildfly.extension.undertow@23.0.2.Final//org.wildfly.extension.undertow.security.SecurityContextThreadSetupAction.lambda$create$0(SecurityContextThreadSetupAction.java:105)
	at org.wildfly.extension.undertow@23.0.2.Final//org.wildfly.extension.undertow.deployment.UndertowDeploymentInfoService$UndertowThreadSetupAction.lambda$create$0(UndertowDeploymentInfoService.java:1530)
	at org.wildfly.extension.undertow@23.0.2.Final//org.wildfly.extension.undertow.deployment.UndertowDeploymentInfoService$UndertowThreadSetupAction.lambda$create$0(UndertowDeploymentInfoService.java:1530)
	at org.wildfly.extension.undertow@23.0.2.Final//org.wildfly.extension.undertow.deployment.UndertowDeploymentInfoService$UndertowThreadSetupAction.lambda$create$0(UndertowDeploymentInfoService.java:1530)
	at org.wildfly.extension.undertow@23.0.2.Final//org.wildfly.extension.undertow.deployment.UndertowDeploymentInfoService$UndertowThreadSetupAction.lambda$create$0(UndertowDeploymentInfoService.java:1530)
	at io.undertow.servlet@2.2.5.Final//io.undertow.servlet.handlers.ServletInitialHandler.dispatchRequest(ServletInitialHandler.java:249)
	at io.undertow.servlet@2.2.5.Final//io.undertow.servlet.handlers.ServletInitialHandler.access$000(ServletInitialHandler.java:78)
	at io.undertow.servlet@2.2.5.Final//io.undertow.servlet.handlers.ServletInitialHandler$1.handleRequest(ServletInitialHandler.java:99)
	at io.undertow.core@2.2.5.Final//io.undertow.server.Connectors.executeRootHandler(Connectors.java:387)
	at io.undertow.core@2.2.5.Final//io.undertow.server.HttpServerExchange$1.run(HttpServerExchange.java:841)
	at org.jboss.threads@2.4.0.Final//org.jboss.threads.ContextClassLoaderSavingRunnable.run(ContextClassLoaderSavingRunnable.java:35)
	at org.jboss.threads@2.4.0.Final//org.jboss.threads.EnhancedQueueExecutor.safeRun(EnhancedQueueExecutor.java:1990)
	at org.jboss.threads@2.4.0.Final//org.jboss.threads.EnhancedQueueExecutor$ThreadBody.doRunTask(EnhancedQueueExecutor.java:1486)
	at org.jboss.threads@2.4.0.Final//org.jboss.threads.EnhancedQueueExecutor$ThreadBody.run(EnhancedQueueExecutor.java:1377)
	at org.jboss.xnio@3.8.4.Final//org.xnio.XnioWorker$WorkerThreadFactory$1$1.run(XnioWorker.java:1280)
	at java.base/java.lang.Thread.run(Thread.java:833)

2022-04-20 11:46:41,417 WARN  [org.keycloak.events] (default task-16) type=LOGIN_ERROR, realmId=BCP, clientId=account-console, userId=null, ipAddress=127.0.0.1, error=invalid_user_credentials, auth_method=openid-connect, auth_type=code, redirect_uri=http://localhost:8080/auth/realms/BCP/account/#/, code_id=0d5b2400-5955-4f27-8637-ebd59f3d33b5, username=othmane, authSessionParentId=0d5b2400-5955-4f27-8637-ebd59f3d33b5, authSessionTabId=I1rhzqQ7lwI
2022-04-20 11:47:06,930 WARN  [org.keycloak.authentication.DefaultAuthenticationFlow] (default task-16) REQUIRED and ALTERNATIVE elements at same level! Those alternative executions will be ignored: [bcp-duo-keycloak, sms-authenticator]
2022-04-20 11:47:07,034 WARN  [org.keycloak.authentication.DefaultAuthenticationFlow] (default task-16) REQUIRED and ALTERNATIVE elements at same level! Those alternative executions will be ignored: [bcp-duo-keycloak, sms-authenticator]
2022-04-20 11:47:07,034 WARN  [org.keycloak.authentication.DefaultAuthenticationFlow] (default task-16) REQUIRED and ALTERNATIVE elements at same level! Those alternative executions will be ignored: [bcp-duo-keycloak, sms-authenticator]
2022-04-20 11:47:07,035 WARN  [org.keycloak.authentication.DefaultAuthenticationFlow] (default task-16) REQUIRED and ALTERNATIVE elements at same level! Those alternative executions will be ignored: [bcp-duo-keycloak, sms-authenticator]
2022-04-20 12:16:00,611 INFO  [org.jboss.as.server] (Thread-1) WFLYSRV0272: Suspending server
2022-04-20 12:16:01,409 INFO  [org.jboss.as.ejb3] (Thread-1) WFLYEJB0493: Jakarta Enterprise Beans subsystem suspension complete
2022-04-20 12:16:01,943 INFO  [org.jboss.as.server] (Thread-1) WFLYSRV0220: Server shutdown has been requested via an OS signal
2022-04-20 12:16:05,509 INFO  [org.jboss.as.connector.subsystems.datasources] (MSC service thread 1-6) WFLYJCA0010: Unbound data source [java:jboss/datasources/KeycloakDS]
2022-04-20 12:16:05,564 INFO  [org.jboss.as.mail.extension] (MSC service thread 1-6) WFLYMAIL0002: Unbound mail session [java:jboss/mail/Default]
2022-04-20 12:16:05,913 INFO  [org.wildfly.extension.undertow] (MSC service thread 1-5) WFLYUT0008: Undertow HTTPS listener https suspending
2022-04-20 12:16:05,978 INFO  [org.wildfly.extension.undertow] (ServerService Thread Pool -- 69) WFLYUT0022: Unregistered web context: '/auth' from server 'default-server'
2022-04-20 12:16:06,238 INFO  [org.wildfly.extension.undertow] (MSC service thread 1-5) WFLYUT0007: Undertow HTTPS listener https stopped, was bound to 127.0.0.1:8443
2022-04-20 12:16:07,178 INFO  [org.keycloak.subsystem.server.extension.KeycloakProviderDeploymentProcessor] (MSC service thread 1-8) Undeploying Keycloak provider: duospikeycloakbcp-jar-with-dependencies.jar
2022-04-20 12:16:07,178 INFO  [org.keycloak.subsystem.server.extension.KeycloakProviderDeploymentProcessor] (MSC service thread 1-4) Undeploying Keycloak provider: github-enterprise-identity-provider-1.0.0.0-SNAPSHOT.jar
2022-04-20 12:16:07,178 INFO  [org.keycloak.subsystem.server.extension.KeycloakProviderDeploymentProcessor] (MSC service thread 1-2) Undeploying Keycloak provider: thirdparty-mfa-auth-extension-1.0.0.0-SNAPSHOT.jar
2022-04-20 12:16:07,178 INFO  [org.keycloak.subsystem.server.extension.KeycloakProviderDeploymentProcessor] (MSC service thread 1-5) Undeploying Keycloak provider: com.keycloak.sms.keycloak-sms-authenticator.jar
2022-04-20 12:16:07,178 INFO  [org.keycloak.subsystem.server.extension.KeycloakProviderDeploymentProcessor] (MSC service thread 1-7) Undeploying Keycloak provider: auth-login-notify-email-extension-1.0.0.0-SNAPSHOT.jar
2022-04-20 12:16:07,740 INFO  [org.jboss.as.server.deployment] (MSC service thread 1-4) WFLYSRV0028: Stopped deployment thirdparty-mfa-auth-extension-1.0.0.0-SNAPSHOT.jar (runtime-name: thirdparty-mfa-auth-extension-1.0.0.0-SNAPSHOT.jar) in 4377ms
2022-04-20 12:16:07,740 INFO  [org.jboss.as.server.deployment] (MSC service thread 1-8) WFLYSRV0028: Stopped deployment auth-login-notify-email-extension-1.0.0.0-SNAPSHOT.jar (runtime-name: auth-login-notify-email-extension-1.0.0.0-SNAPSHOT.jar) in 4337ms
2022-04-20 12:16:07,740 INFO  [org.jboss.as.server.deployment] (MSC service thread 1-1) WFLYSRV0028: Stopped deployment duospikeycloakbcp-jar-with-dependencies.jar (runtime-name: duospikeycloakbcp-jar-with-dependencies.jar) in 4609ms
2022-04-20 12:16:07,742 INFO  [org.jboss.as.server.deployment] (MSC service thread 1-6) WFLYSRV0028: Stopped deployment github-enterprise-identity-provider-1.0.0.0-SNAPSHOT.jar (runtime-name: github-enterprise-identity-provider-1.0.0.0-SNAPSHOT.jar) in 4342ms
2022-04-20 12:16:07,901 INFO  [org.jboss.as.server.deployment] (MSC service thread 1-2) WFLYSRV0028: Stopped deployment com.keycloak.sms.keycloak-sms-authenticator.jar (runtime-name: com.keycloak.sms.keycloak-sms-authenticator.jar) in 4499ms
2022-04-20 12:16:07,907 INFO  [org.jboss.as.connector.subsystems.datasources] (MSC service thread 1-2) WFLYJCA0010: Unbound data source [java:jboss/datasources/ExampleDS]
2022-04-20 12:16:08,037 INFO  [org.jboss.as.connector.deployers.jdbc] (MSC service thread 1-6) WFLYJCA0019: Stopped Driver service with driver-name = h2
2022-04-20 12:16:08,186 INFO  [org.wildfly.extension.undertow] (MSC service thread 1-4) WFLYUT0019: Host default-host stopping
2022-04-20 12:16:08,284 INFO  [org.jboss.as.server.deployment] (MSC service thread 1-7) WFLYSRV0028: Stopped deployment keycloak-server.war (runtime-name: keycloak-server.war) in 5036ms
2022-04-20 12:16:09,024 INFO  [org.jboss.as.clustering.infinispan] (ServerService Thread Pool -- 72) WFLYCLINF0003: Stopped offlineClientSessions cache from keycloak container
2022-04-20 12:16:09,024 INFO  [org.jboss.as.clustering.infinispan] (ServerService Thread Pool -- 74) WFLYCLINF0003: Stopped loginFailures cache from keycloak container
2022-04-20 12:16:09,024 INFO  [org.jboss.as.clustering.infinispan] (ServerService Thread Pool -- 76) WFLYCLINF0003: Stopped sessions cache from keycloak container
2022-04-20 12:16:09,024 INFO  [org.jboss.as.clustering.infinispan] (ServerService Thread Pool -- 79) WFLYCLINF0003: Stopped actionTokens cache from keycloak container
2022-04-20 12:16:09,024 INFO  [org.jboss.as.clustering.infinispan] (ServerService Thread Pool -- 75) WFLYCLINF0003: Stopped authenticationSessions cache from keycloak container
2022-04-20 12:16:09,024 INFO  [org.jboss.as.clustering.infinispan] (ServerService Thread Pool -- 70) WFLYCLINF0003: Stopped clientSessions cache from keycloak container
2022-04-20 12:16:09,024 INFO  [org.jboss.as.clustering.infinispan] (ServerService Thread Pool -- 60) WFLYCLINF0003: Stopped keys cache from keycloak container
2022-04-20 12:16:09,024 INFO  [org.jboss.as.clustering.infinispan] (ServerService Thread Pool -- 77) WFLYCLINF0003: Stopped offlineSessions cache from keycloak container
2022-04-20 12:16:09,024 INFO  [org.jboss.as.clustering.infinispan] (ServerService Thread Pool -- 71) WFLYCLINF0003: Stopped work cache from keycloak container
2022-04-20 12:16:09,307 INFO  [org.jboss.as.clustering.infinispan] (ServerService Thread Pool -- 73) WFLYCLINF0003: Stopped authorization cache from keycloak container
2022-04-20 12:16:09,307 INFO  [org.jboss.as.clustering.infinispan] (ServerService Thread Pool -- 78) WFLYCLINF0003: Stopped users cache from keycloak container
2022-04-20 12:16:09,327 INFO  [org.jboss.as.clustering.infinispan] (ServerService Thread Pool -- 69) WFLYCLINF0003: Stopped realms cache from keycloak container
2022-04-20 12:16:09,380 INFO  [org.infinispan.manager.DefaultCacheManager] (ServerService Thread Pool -- 69) Stopping cache manager null on null
2022-04-20 12:16:09,400 INFO  [org.wildfly.extension.undertow] (MSC service thread 1-1) WFLYUT0008: Undertow HTTP listener default suspending
2022-04-20 12:16:09,400 INFO  [org.wildfly.extension.undertow] (MSC service thread 1-1) WFLYUT0007: Undertow HTTP listener default stopped, was bound to 127.0.0.1:8080
2022-04-20 12:16:09,402 INFO  [org.wildfly.extension.undertow] (MSC service thread 1-8) WFLYUT0004: Undertow 2.2.5.Final stopping
2022-04-20 12:16:11,009 INFO  [org.jboss.as.clustering.infinispan] (ServerService Thread Pool -- 80) WFLYCLINF0003: Stopped http-remoting-connector cache from ejb container
2022-04-20 12:16:11,052 INFO  [org.infinispan.manager.DefaultCacheManager] (ServerService Thread Pool -- 80) Stopping cache manager null on null
2022-04-20 12:16:11,264 INFO  [org.jboss.as] (MSC service thread 1-2) WFLYSRV0050: Keycloak 15.0.2 (WildFly Core 15.0.1.Final) stopped in 8015ms
